2025-12-18 11:41:00 | DEBUG | repo=pv243-javaee-7 | action=commit
2025-06-25 17:04:00 | WARN | repo=pv243-javaee-7 | action=commit
2025-10-19 11:29:00 | INFO | repo=pv243-javaee-7 | action=commit
2025-08-20 14:59:00 | INFO | repo=pv243-javaee-7 | action=commit
2025-12-02 18:15:00 | DEBUG | repo=pv243-javaee-7 | action=test | passed=true
2025-05-08 09:42:00 | DEBUG | repo=pv243-javaee-7 | action=commit
2025-01-19 20:27:00 | WARN | repo=pv243-javaee-7 | action=test | passed=true
2025-08-18 15:32:00 | DEBUG | repo=pv243-javaee-7 | action=commit
2025-12-04 11:11:00 | DEBUG | repo=pv243-javaee-7 | action=commit
2025-12-13 10:55:00 | WARN | repo=pv243-javaee-7 | action=commit
2025-12-11 15:57:00 | DEBUG | repo=pv243-javaee-7 | action=test | passed=true
2025-02-13 07:44:00 | DEBUG | repo=pv243-javaee-7 | action=edit | files=2
2025-12-21 21:09:00 | WARN | repo=pv243-javaee-7 | action=test | passed=true
2025-04-28 15:29:00 | DEBUG | repo=pv243-javaee-7 | action=commit
2025-01-04 17:10:00 | WARN | repo=pv243-javaee-7 | action=commit
2025-03-17 13:26:00 | INFO | repo=pv243-javaee-7 | action=edit | files=3
2025-07-09 07:48:00 | DEBUG | repo=pv243-javaee-7 | action=commit
2025-07-05 19:18:00 | INFO | repo=pv243-javaee-7 | action=commit
2025-05-12 12:14:00 | WARN | repo=pv243-javaee-7 | action=commit
2025-12-01 15:18:00 | INFO | repo=pv243-javaee-7 | action=commit
2025-05-20 16:20:00 | INFO | repo=pv243-javaee-7 | action=commit
2025-07-25 07:43:00 | WARN | repo=pv243-javaee-7 | action=commit
2025-09-11 18:27:00 | INFO | repo=pv243-javaee-7 | action=commit
2025-06-19 19:56:00 | INFO | repo=pv243-javaee-7 | action=test | passed=true
2025-05-07 20:39:00 | DEBUG | repo=pv243-javaee-7 | action=commit
